2023-10-05T21:23:03.294757Z [main] INFO /home/korbon/.cargo/git/checkouts/diem-7dee55d666bb1ba0/5b1067c/crates/diem-push-metrics/src/lib.rs:99 PUSH_METRICS_ENDPOINT env var is not set. Skipping sending metrics.
2023-10-05T21:23:03.507158Z [main] INFO /home/korbon/.cargo/git/checkouts/diem-7dee55d666bb1ba0/5b1067c/storage/backup/backup-cli/src/utils/mod.rs:357 Determined concurrency level for downloading. {"concurrent_downloads":16}
2023-10-05T21:23:03.536806Z [main] INFO /home/korbon/.cargo/git/checkouts/diem-7dee55d666bb1ba0/5b1067c/storage/backup/backup-cli/src/metadata/cache.rs:145 Metadata files listed.
2023-10-05T21:23:03.548038Z [main] INFO /home/korbon/.cargo/git/checkouts/diem-7dee55d666bb1ba0/5b1067c/storage/backup/backup-cli/src/metadata/cache.rs:176 Metadata file downloaded. {"file_handle":"metadata/identity.meta","processed":1,"total":1}
2023-10-05T21:23:03.548157Z [main] INFO /home/korbon/.cargo/git/checkouts/diem-7dee55d666bb1ba0/5b1067c/storage/backup/backup-cli/src/metadata/cache.rs:194 Loading all metadata files to memory.
2023-10-05T21:23:03.548876Z [main] INFO /home/korbon/.cargo/git/checkouts/diem-7dee55d666bb1ba0/5b1067c/storage/backup/backup-cli/src/metadata/cache.rs:211 Metadata cache loaded. {"total_time":0}
2023-10-05T21:23:03.548942Z [main] INFO /home/korbon/.cargo/git/checkouts/diem-7dee55d666bb1ba0/5b1067c/storage/backup/backup-cli/src/coordinators/backup.rs:162 Backup coordinator started.
2023-10-05T21:23:03.553778Z [main] INFO /home/korbon/.cargo/git/checkouts/diem-7dee55d666bb1ba0/5b1067c/storage/backup/backup-cli/src/backup_types/epoch_ending/backup.rs:59 Epoch ending backup started, starting from epoch 0, until epoch 1 (excluded).
2023-10-05T21:23:03.604951Z [main] INFO /home/korbon/.cargo/git/checkouts/diem-7dee55d666bb1ba0/5b1067c/storage/backup/backup-cli/src/backup_types/epoch_ending/backup.rs:68 Epoch ending backup succeeded. Manifest: epoch_ending_0-.ac3e/epoch_ending.manifest
2023-10-05T21:23:03.605016Z [main] INFO /home/korbon/.cargo/git/checkouts/diem-7dee55d666bb1ba0/5b1067c/storage/backup/backup-cli/src/backup_types/epoch_ending/backup.rs:59 Epoch ending backup started, starting from epoch 1, until epoch 2 (excluded).
2023-10-05T21:23:03.654101Z [main] INFO /home/korbon/.cargo/git/checkouts/diem-7dee55d666bb1ba0/5b1067c/storage/backup/backup-cli/src/backup_types/epoch_ending/backup.rs:68 Epoch ending backup succeeded. Manifest: epoch_ending_1-.dbba/epoch_ending.manifest
2023-10-05T21:23:03.654218Z [main] INFO /home/korbon/.cargo/git/checkouts/diem-7dee55d666bb1ba0/5b1067c/storage/backup/backup-cli/src/backup_types/epoch_ending/backup.rs:59 Epoch ending backup started, starting from epoch 2, until epoch 3 (excluded).
2023-10-05T21:23:03.701321Z [main] INFO /home/korbon/.cargo/git/checkouts/diem-7dee55d666bb1ba0/5b1067c/storage/backup/backup-cli/src/backup_types/epoch_ending/backup.rs:68 Epoch ending backup succeeded. Manifest: epoch_ending_2-.e58e/epoch_ending.manifest
2023-10-05T21:23:03.701413Z [main] INFO /home/korbon/.cargo/git/checkouts/diem-7dee55d666bb1ba0/5b1067c/storage/backup/backup-cli/src/backup_types/epoch_ending/backup.rs:59 Epoch ending backup started, starting from epoch 3, until epoch 4 (excluded).
2023-10-05T21:23:03.750812Z [main] INFO /home/korbon/.cargo/git/checkouts/diem-7dee55d666bb1ba0/5b1067c/storage/backup/backup-cli/src/backup_types/epoch_ending/backup.rs:68 Epoch ending backup succeeded. Manifest: epoch_ending_3-.c544/epoch_ending.manifest
2023-10-05T21:23:03.750875Z [main] INFO /home/korbon/.cargo/git/checkouts/diem-7dee55d666bb1ba0/5b1067c/storage/backup/backup-cli/src/backup_types/epoch_ending/backup.rs:59 Epoch ending backup started, starting from epoch 4, until epoch 5 (excluded).
2023-10-05T21:23:03.797291Z [main] INFO /home/korbon/.cargo/git/checkouts/diem-7dee55d666bb1ba0/5b1067c/storage/backup/backup-cli/src/backup_types/epoch_ending/backup.rs:68 Epoch ending backup succeeded. Manifest: epoch_ending_4-.5eb5/epoch_ending.manifest
2023-10-05T21:23:03.797343Z [main] INFO /home/korbon/.cargo/git/checkouts/diem-7dee55d666bb1ba0/5b1067c/storage/backup/backup-cli/src/backup_types/epoch_ending/backup.rs:59 Epoch ending backup started, starting from epoch 5, until epoch 6 (excluded).
2023-10-05T21:23:03.840298Z [main] INFO /home/korbon/.cargo/git/checkouts/diem-7dee55d666bb1ba0/5b1067c/storage/backup/backup-cli/src/backup_types/epoch_ending/backup.rs:68 Epoch ending backup succeeded. Manifest: epoch_ending_5-.23ed/epoch_ending.manifest
2023-10-05T21:23:03.840342Z [main] INFO /home/korbon/.cargo/git/checkouts/diem-7dee55d666bb1ba0/5b1067c/storage/backup/backup-cli/src/backup_types/epoch_ending/backup.rs:59 Epoch ending backup started, starting from epoch 6, until epoch 7 (excluded).
2023-10-05T21:23:03.887360Z [main] INFO /home/korbon/.cargo/git/checkouts/diem-7dee55d666bb1ba0/5b1067c/storage/backup/backup-cli/src/backup_types/epoch_ending/backup.rs:68 Epoch ending backup succeeded. Manifest: epoch_ending_6-.eb3f/epoch_ending.manifest
2023-10-05T21:23:03.887477Z [main] INFO /home/korbon/.cargo/git/checkouts/diem-7dee55d666bb1ba0/5b1067c/storage/backup/backup-cli/src/backup_types/epoch_ending/backup.rs:59 Epoch ending backup started, starting from epoch 7, until epoch 8 (excluded).
2023-10-05T21:23:03.930243Z [main] INFO /home/korbon/.cargo/git/checkouts/diem-7dee55d666bb1ba0/5b1067c/storage/backup/backup-cli/src/backup_types/epoch_ending/backup.rs:68 Epoch ending backup succeeded. Manifest: epoch_ending_7-.077e/epoch_ending.manifest
2023-10-05T21:23:03.930301Z [main] INFO /home/korbon/.cargo/git/checkouts/diem-7dee55d666bb1ba0/5b1067c/storage/backup/backup-cli/src/backup_types/epoch_ending/backup.rs:59 Epoch ending backup started, starting from epoch 8, until epoch 9 (excluded).
2023-10-05T21:23:03.988720Z [main] INFO /home/korbon/.cargo/git/checkouts/diem-7dee55d666bb1ba0/5b1067c/storage/backup/backup-cli/src/backup_types/epoch_ending/backup.rs:68 Epoch ending backup succeeded. Manifest: epoch_ending_8-.71c9/epoch_ending.manifest
2023-10-05T21:23:03.988768Z [main] INFO /home/korbon/.cargo/git/checkouts/diem-7dee55d666bb1ba0/5b1067c/storage/backup/backup-cli/src/backup_types/epoch_ending/backup.rs:59 Epoch ending backup started, starting from epoch 9, until epoch 10 (excluded).
2023-10-05T21:23:04.034487Z [main] INFO /home/korbon/.cargo/git/checkouts/diem-7dee55d666bb1ba0/5b1067c/storage/backup/backup-cli/src/backup_types/epoch_ending/backup.rs:68 Epoch ending backup succeeded. Manifest: epoch_ending_9-.1a33/epoch_ending.manifest
2023-10-05T21:23:04.034588Z [main] INFO /home/korbon/.cargo/git/checkouts/diem-7dee55d666bb1ba0/5b1067c/storage/backup/backup-cli/src/backup_types/epoch_ending/backup.rs:59 Epoch ending backup started, starting from epoch 10, until epoch 11 (excluded).
2023-10-05T21:23:04.080858Z [main] INFO /home/korbon/.cargo/git/checkouts/diem-7dee55d666bb1ba0/5b1067c/storage/backup/backup-cli/src/backup_types/epoch_ending/backup.rs:68 Epoch ending backup succeeded. Manifest: epoch_ending_10-.d81c/epoch_ending.manifest
2023-10-05T21:23:04.080906Z [main] INFO /home/korbon/.cargo/git/checkouts/diem-7dee55d666bb1ba0/5b1067c/storage/backup/backup-cli/src/backup_types/epoch_ending/backup.rs:59 Epoch ending backup started, starting from epoch 11, until epoch 12 (excluded).
2023-10-05T21:23:04.129319Z [main] INFO /home/korbon/.cargo/git/checkouts/diem-7dee55d666bb1ba0/5b1067c/storage/backup/backup-cli/src/backup_types/epoch_ending/backup.rs:68 Epoch ending backup succeeded. Manifest: epoch_ending_11-.bd78/epoch_ending.manifest
2023-10-05T21:23:04.129376Z [main] INFO /home/korbon/.cargo/git/checkouts/diem-7dee55d666bb1ba0/5b1067c/storage/backup/backup-cli/src/backup_types/epoch_ending/backup.rs:59 Epoch ending backup started, starting from epoch 12, until epoch 13 (excluded).
2023-10-05T21:23:04.178988Z [main] INFO /home/korbon/.cargo/git/checkouts/diem-7dee55d666bb1ba0/5b1067c/storage/backup/backup-cli/src/backup_types/epoch_ending/backup.rs:68 Epoch ending backup succeeded. Manifest: epoch_ending_12-.e579/epoch_ending.manifest
2023-10-05T21:23:04.179046Z [main] INFO /home/korbon/.cargo/git/checkouts/diem-7dee55d666bb1ba0/5b1067c/storage/backup/backup-cli/src/backup_types/epoch_ending/backup.rs:59 Epoch ending backup started, starting from epoch 13, until epoch 14 (excluded).
2023-10-05T21:23:04.221933Z [main] INFO /home/korbon/.cargo/git/checkouts/diem-7dee55d666bb1ba0/5b1067c/storage/backup/backup-cli/src/backup_types/epoch_ending/backup.rs:68 Epoch ending backup succeeded. Manifest: epoch_ending_13-.e47b/epoch_ending.manifest
2023-10-05T21:23:04.221986Z [main] INFO /home/korbon/.cargo/git/checkouts/diem-7dee55d666bb1ba0/5b1067c/storage/backup/backup-cli/src/backup_types/epoch_ending/backup.rs:59 Epoch ending backup started, starting from epoch 14, until epoch 15 (excluded).
2023-10-05T21:23:04.267766Z [main] INFO /home/korbon/.cargo/git/checkouts/diem-7dee55d666bb1ba0/5b1067c/storage/backup/backup-cli/src/backup_types/epoch_ending/backup.rs:68 Epoch ending backup succeeded. Manifest: epoch_ending_14-.50e5/epoch_ending.manifest
2023-10-05T21:23:04.267831Z [main] INFO /home/korbon/.cargo/git/checkouts/diem-7dee55d666bb1ba0/5b1067c/storage/backup/backup-cli/src/backup_types/epoch_ending/backup.rs:59 Epoch ending backup started, starting from epoch 15, until epoch 16 (excluded).
2023-10-05T21:23:04.311063Z [main] INFO /home/korbon/.cargo/git/checkouts/diem-7dee55d666bb1ba0/5b1067c/storage/backup/backup-cli/src/backup_types/epoch_ending/backup.rs:68 Epoch ending backup succeeded. Manifest: epoch_ending_15-.18b8/epoch_ending.manifest
2023-10-05T21:23:04.311119Z [main] INFO /home/korbon/.cargo/git/checkouts/diem-7dee55d666bb1ba0/5b1067c/storage/backup/backup-cli/src/backup_types/epoch_ending/backup.rs:59 Epoch ending backup started, starting from epoch 16, until epoch 17 (excluded).
2023-10-05T21:23:04.353768Z [main] INFO /home/korbon/.cargo/git/checkouts/diem-7dee55d666bb1ba0/5b1067c/storage/backup/backup-cli/src/backup_types/epoch_ending/backup.rs:68 Epoch ending backup succeeded. Manifest: epoch_ending_16-.97ce/epoch_ending.manifest
2023-10-05T21:23:04.353837Z [main] INFO /home/korbon/.cargo/git/checkouts/diem-7dee55d666bb1ba0/5b1067c/storage/backup/backup-cli/src/backup_types/epoch_ending/backup.rs:59 Epoch ending backup started, starting from epoch 17, until epoch 18 (excluded).
2023-10-05T21:23:04.394748Z [main] INFO /home/korbon/.cargo/git/checkouts/diem-7dee55d666bb1ba0/5b1067c/storage/backup/backup-cli/src/backup_types/epoch_ending/backup.rs:68 Epoch ending backup succeeded. Manifest: epoch_ending_17-.2247/epoch_ending.manifest
2023-10-05T21:23:04.394793Z [main] INFO /home/korbon/.cargo/git/checkouts/diem-7dee55d666bb1ba0/5b1067c/storage/backup/backup-cli/src/backup_types/epoch_ending/backup.rs:59 Epoch ending backup started, starting from epoch 18, until epoch 19 (excluded).
2023-10-05T21:23:04.436949Z [main] INFO /home/korbon/.cargo/git/checkouts/diem-7dee55d666bb1ba0/5b1067c/storage/backup/backup-cli/src/backup_types/epoch_ending/backup.rs:68 Epoch ending backup succeeded. Manifest: epoch_ending_18-.e929/epoch_ending.manifest
2023-10-05T21:23:04.436996Z [main] INFO /home/korbon/.cargo/git/checkouts/diem-7dee55d666bb1ba0/5b1067c/storage/backup/backup-cli/src/backup_types/epoch_ending/backup.rs:59 Epoch ending backup started, starting from epoch 19, until epoch 20 (excluded).
2023-10-05T21:23:04.482197Z [main] INFO /home/korbon/.cargo/git/checkouts/diem-7dee55d666bb1ba0/5b1067c/storage/backup/backup-cli/src/backup_types/epoch_ending/backup.rs:68 Epoch ending backup succeeded. Manifest: epoch_ending_19-.8af8/epoch_ending.manifest
2023-10-05T21:23:04.482264Z [main] INFO /home/korbon/.cargo/git/checkouts/diem-7dee55d666bb1ba0/5b1067c/storage/backup/backup-cli/src/backup_types/epoch_ending/backup.rs:59 Epoch ending backup started, starting from epoch 20, until epoch 21 (excluded).
2023-10-05T21:23:04.526416Z [main] INFO /home/korbon/.cargo/git/checkouts/diem-7dee55d666bb1ba0/5b1067c/storage/backup/backup-cli/src/backup_types/epoch_ending/backup.rs:68 Epoch ending backup succeeded. Manifest: epoch_ending_20-.7b10/epoch_ending.manifest
2023-10-05T21:23:04.526581Z [main] INFO /home/korbon/.cargo/git/checkouts/diem-7dee55d666bb1ba0/5b1067c/storage/backup/backup-cli/src/backup_types/epoch_ending/backup.rs:59 Epoch ending backup started, starting from epoch 21, until epoch 22 (excluded).
2023-10-05T21:23:04.569330Z [main] INFO /home/korbon/.cargo/git/checkouts/diem-7dee55d666bb1ba0/5b1067c/storage/backup/backup-cli/src/backup_types/epoch_ending/backup.rs:68 Epoch ending backup succeeded. Manifest: epoch_ending_21-.33b6/epoch_ending.manifest
2023-10-05T21:23:04.569391Z [main] INFO /home/korbon/.cargo/git/checkouts/diem-7dee55d666bb1ba0/5b1067c/storage/backup/backup-cli/src/backup_types/epoch_ending/backup.rs:59 Epoch ending backup started, starting from epoch 22, until epoch 23 (excluded).
2023-10-05T21:23:04.623782Z [main] INFO /home/korbon/.cargo/git/checkouts/diem-7dee55d666bb1ba0/5b1067c/storage/backup/backup-cli/src/backup_types/epoch_ending/backup.rs:68 Epoch ending backup succeeded. Manifest: epoch_ending_22-.df34/epoch_ending.manifest
2023-10-05T21:23:04.623853Z [main] INFO /home/korbon/.cargo/git/checkouts/diem-7dee55d666bb1ba0/5b1067c/storage/backup/backup-cli/src/backup_types/epoch_ending/backup.rs:59 Epoch ending backup started, starting from epoch 23, until epoch 24 (excluded).
2023-10-05T21:23:04.667005Z [main] INFO /home/korbon/.cargo/git/checkouts/diem-7dee55d666bb1ba0/5b1067c/storage/backup/backup-cli/src/backup_types/epoch_ending/backup.rs:68 Epoch ending backup succeeded. Manifest: epoch_ending_23-.4f6a/epoch_ending.manifest
2023-10-05T21:23:04.667054Z [main] INFO /home/korbon/.cargo/git/checkouts/diem-7dee55d666bb1ba0/5b1067c/storage/backup/backup-cli/src/backup_types/epoch_ending/backup.rs:59 Epoch ending backup started, starting from epoch 24, until epoch 25 (excluded).
2023-10-05T21:23:04.709539Z [main] INFO /home/korbon/.cargo/git/checkouts/diem-7dee55d666bb1ba0/5b1067c/storage/backup/backup-cli/src/backup_types/epoch_ending/backup.rs:68 Epoch ending backup succeeded. Manifest: epoch_ending_24-.84e0/epoch_ending.manifest
2023-10-05T21:23:04.709596Z [main] INFO /home/korbon/.cargo/git/checkouts/diem-7dee55d666bb1ba0/5b1067c/storage/backup/backup-cli/src/backup_types/epoch_ending/backup.rs:59 Epoch ending backup started, starting from epoch 25, until epoch 26 (excluded).
2023-10-05T21:23:04.754014Z [main] INFO /home/korbon/.cargo/git/checkouts/diem-7dee55d666bb1ba0/5b1067c/storage/backup/backup-cli/src/backup_types/epoch_ending/backup.rs:68 Epoch ending backup succeeded. Manifest: epoch_ending_25-.ad98/epoch_ending.manifest
2023-10-05T21:23:04.754071Z [main] INFO /home/korbon/.cargo/git/checkouts/diem-7dee55d666bb1ba0/5b1067c/storage/backup/backup-cli/src/backup_types/epoch_ending/backup.rs:59 Epoch ending backup started, starting from epoch 26, until epoch 27 (excluded).
2023-10-05T21:23:04.795860Z [main] INFO /home/korbon/.cargo/git/checkouts/diem-7dee55d666bb1ba0/5b1067c/storage/backup/backup-cli/src/backup_types/epoch_ending/backup.rs:68 Epoch ending backup succeeded. Manifest: epoch_ending_26-.52f6/epoch_ending.manifest
2023-10-05T21:23:04.795910Z [main] INFO /home/korbon/.cargo/git/checkouts/diem-7dee55d666bb1ba0/5b1067c/storage/backup/backup-cli/src/backup_types/epoch_ending/backup.rs:59 Epoch ending backup started, starting from epoch 27, until epoch 28 (excluded).
2023-10-05T21:23:04.836884Z [main] INFO /home/korbon/.cargo/git/checkouts/diem-7dee55d666bb1ba0/5b1067c/storage/backup/backup-cli/src/backup_types/epoch_ending/backup.rs:68 Epoch ending backup succeeded. Manifest: epoch_ending_27-.f792/epoch_ending.manifest
2023-10-05T21:23:04.836946Z [main] INFO /home/korbon/.cargo/git/checkouts/diem-7dee55d666bb1ba0/5b1067c/storage/backup/backup-cli/src/backup_types/epoch_ending/backup.rs:59 Epoch ending backup started, starting from epoch 28, until epoch 29 (excluded).
2023-10-05T21:23:04.877180Z [main] INFO /home/korbon/.cargo/git/checkouts/diem-7dee55d666bb1ba0/5b1067c/storage/backup/backup-cli/src/backup_types/epoch_ending/backup.rs:68 Epoch ending backup succeeded. Manifest: epoch_ending_28-.43a4/epoch_ending.manifest
2023-10-05T21:23:04.877220Z [main] INFO /home/korbon/.cargo/git/checkouts/diem-7dee55d666bb1ba0/5b1067c/storage/backup/backup-cli/src/backup_types/epoch_ending/backup.rs:59 Epoch ending backup started, starting from epoch 29, until epoch 30 (excluded).
2023-10-05T21:23:04.921356Z [main] INFO /home/korbon/.cargo/git/checkouts/diem-7dee55d666bb1ba0/5b1067c/storage/backup/backup-cli/src/backup_types/epoch_ending/backup.rs:68 Epoch ending backup succeeded. Manifest: epoch_ending_29-.5371/epoch_ending.manifest
2023-10-05T21:23:04.921403Z [main] INFO /home/korbon/.cargo/git/checkouts/diem-7dee55d666bb1ba0/5b1067c/storage/backup/backup-cli/src/backup_types/epoch_ending/backup.rs:59 Epoch ending backup started, starting from epoch 30, until epoch 31 (excluded).
2023-10-05T21:23:04.964290Z [main] INFO /home/korbon/.cargo/git/checkouts/diem-7dee55d666bb1ba0/5b1067c/storage/backup/backup-cli/src/backup_types/epoch_ending/backup.rs:68 Epoch ending backup succeeded. Manifest: epoch_ending_30-.e010/epoch_ending.manifest
2023-10-05T21:23:04.964350Z [main] INFO /home/korbon/.cargo/git/checkouts/diem-7dee55d666bb1ba0/5b1067c/storage/backup/backup-cli/src/backup_types/epoch_ending/backup.rs:59 Epoch ending backup started, starting from epoch 31, until epoch 32 (excluded).
2023-10-05T21:23:05.008096Z [main] INFO /home/korbon/.cargo/git/checkouts/diem-7dee55d666bb1ba0/5b1067c/storage/backup/backup-cli/src/backup_types/epoch_ending/backup.rs:68 Epoch ending backup succeeded. Manifest: epoch_ending_31-.0857/epoch_ending.manifest
2023-10-05T21:23:05.008185Z [main] INFO /home/korbon/.cargo/git/checkouts/diem-7dee55d666bb1ba0/5b1067c/storage/backup/backup-cli/src/backup_types/transaction/backup.rs:56 Transaction backup started, starting from version 0, for 1 transactions in total.
2023-10-05T21:23:05.010461Z [main] INFO /home/korbon/.cargo/git/checkouts/diem-7dee55d666bb1ba0/5b1067c/storage/backup/backup-cli/src/backup_types/state_snapshot/backup.rs:63 State snapshot backup started, for epoch 31.
2023-10-05T21:23:11.026964Z [main] INFO /home/korbon/.cargo/git/checkouts/diem-7dee55d666bb1ba0/5b1067c/storage/backup/backup-cli/src/backup_types/transaction/backup.rs:64 Transaction backup succeeded. Manifest: transaction_0-.7fc2/transaction.manifest
2023-10-05T21:23:27.695427Z [main] INFO /home/korbon/.cargo/git/checkouts/diem-7dee55d666bb1ba0/5b1067c/storage/backup/backup-cli/src/backup_types/state_snapshot/backup.rs:68 State snapshot backup succeeded. Manifest: state_epoch_31_ver_19186.f435/state.manifest
